<?xml version="1.0" encoding="UTF-8"?>
<testng-results skipped="0" failed="0" ignored="0" total="1" passed="1">
  <reporter-output>
  </reporter-output>
  <suite name="Default suite" duration-ms="56" started-at="2022-05-04T10:31:28 IST" finished-at="2022-05-04T10:31:28 IST">
    <groups>
    </groups>
    <test name="Default test" duration-ms="56" started-at="2022-05-04T10:31:28 IST" finished-at="2022-05-04T10:31:28 IST">
      <class name="com.qa.launch.TestNGDemo">
        <test-method status="PASS" signature="setUp()[pri:0, instance:com.qa.launch.TestNGDemo@5bb21b69]" name="setUp" is-config="true" duration-ms="11" started-at="2022-05-04T10:31:28 IST" finished-at="2022-05-04T10:31:28 IST">
          <reporter-output>
          </reporter-output>
        </test-method> <!-- setUp -->
        <test-method status="PASS" signature="launchBrowser()[pri:0, instance:com.qa.launch.TestNGDemo@5bb21b69]" name="launchBrowser" is-config="true" duration-ms="1" started-at="2022-05-04T10:31:28 IST" finished-at="2022-05-04T10:31:28 IST">
          <reporter-output>
          </reporter-output>
        </test-method> <!-- launchBrowser -->
        <test-method status="PASS" signature="login()[pri:0, instance:com.qa.launch.TestNGDemo@5bb21b69]" name="login" is-config="true" duration-ms="1" started-at="2022-05-04T10:31:28 IST" finished-at="2022-05-04T10:31:28 IST">
          <reporter-output>
          </reporter-output>
        </test-method> <!-- login -->
        <test-method status="PASS" signature="enterURL()[pri:0, instance:com.qa.launch.TestNGDemo@5bb21b69]" name="enterURL" is-config="true" duration-ms="1" started-at="2022-05-04T10:31:28 IST" finished-at="2022-05-04T10:31:28 IST">
          <reporter-output>
          </reporter-output>
        </test-method> <!-- enterURL -->
        <test-method status="PASS" signature="googleTitleTest()[pri:0, instance:com.qa.launch.TestNGDemo@5bb21b69]" name="googleTitleTest" duration-ms="8" started-at="2022-05-04T10:31:28 IST" finished-at="2022-05-04T10:31:28 IST">
          <reporter-output>
          </reporter-output>
        </test-method> <!-- googleTitleTest -->
        <test-method status="PASS" signature="logout()[pri:0, instance:com.qa.launch.TestNGDemo@5bb21b69]" name="logout" is-config="true" duration-ms="1" started-at="2022-05-04T10:31:28 IST" finished-at="2022-05-04T10:31:28 IST">
          <reporter-output>
          </reporter-output>
        </test-method> <!-- logout -->
        <test-method status="PASS" signature="classBrowser()[pri:0, instance:com.qa.launch.TestNGDemo@5bb21b69]" name="classBrowser" is-config="true" duration-ms="1" started-at="2022-05-04T10:31:28 IST" finished-at="2022-05-04T10:31:28 IST">
          <reporter-output>
          </reporter-output>
        </test-method> <!-- classBrowser -->
        <test-method status="PASS" signature="deleteAllCookies()[pri:0, instance:com.qa.launch.TestNGDemo@5bb21b69]" name="deleteAllCookies" is-config="true" duration-ms="0" started-at="2022-05-04T10:31:28 IST" finished-at="2022-05-04T10:31:28 IST">
          <reporter-output>
          </reporter-output>
        </test-method> <!-- deleteAllCookies -->
        <test-method status="PASS" signature="generateTestReport()[pri:0, instance:com.qa.launch.TestNGDemo@5bb21b69]" name="generateTestReport" is-config="true" duration-ms="1" started-at="2022-05-04T10:31:28 IST" finished-at="2022-05-04T10:31:28 IST">
          <reporter-output>
          </reporter-output>
        </test-method> <!-- generateTestReport -->
      </class> <!-- com.qa.launch.TestNGDemo -->
    </test> <!-- Default test -->
  </suite> <!-- Default suite -->
</testng-results>
